#
# There is insufficient memory for the Java Runtime Environment to continue.
# Native memory allocation (malloc) failed to allocate 32744 bytes for ChunkPool::allocate
# Possible reasons:
#   The system is out of physical RAM or swap space
#   In 32 bit mode, the process size limit was hit
# Possible solutions:
#   Reduce memory load on the system
#   Increase physical memory or swap space
#   Check if swap backing store is full
#   Use 64 bit Java on a 64 bit OS
#   Decrease Java heap size (-Xmx/-Xms)
#   Decrease number of Java threads
#   Decrease Java thread stack sizes (-Xss)
#   Set larger code cache with -XX:ReservedCodeCacheSize=
# This output file may be truncated or incomplete.
#
#  Out of Memory Error (allocation.cpp:273), pid=10504, tid=0x0000000000001830
#
# JRE version: OpenJDK Runtime Environment (8.0_152-b02) (build 1.8.0_152-release-1024-b02)
# Java VM: OpenJDK 64-Bit Server VM (25.152-b02 mixed mode windows-amd64 compressed oops)
# Failed to write core dump. Minidumps are not enabled by default on client versions of Windows
#

---------------  T H R E A D  ---------------

Current thread (0x00000000181fd000):  JavaThread "C2 CompilerThread0" daemon [_thread_in_native, id=6192, stack(0x0000000019950000,0x0000000019a50000)]

Stack: [0x0000000019950000,0x0000000019a50000]
[error occurred during error reporting (printing stack bounds), id 0xc0000005]

Native frames: (J=compiled Java code, j=interpreted, Vv=VM code, C=native code)


Current CompileTask:
C2:   4783 1381       4       java.net.URLClassLoader$1::run (5 bytes)


---------------  P R O C E S S  ---------------

Java Threads: ( => current thread )
  0x000000001d2e4800 JavaThread "Cache worker for file hash cache (E:\Projetos\Android\AppSI\.gradle\4.4\fileHashes)" [_thread_blocked, id=3272, stack(0x000000001de80000,0x000000001df80000)]
  0x000000001b653800 JavaThread "File lock request listener" [_thread_in_native, id=7392, stack(0x000000001cdb0000,0x000000001ceb0000)]
  0x000000001b43a000 JavaThread "Cache worker for file hash cache (C:\Users\Usuario\.gradle\caches\4.4\fileHashes)" [_thread_blocked, id=16032, stack(0x000000001ccb0000,0x000000001cdb0000)]
  0x000000001b350000 JavaThread "Stdin handler" [_thread_blocked, id=9340, stack(0x000000001c9b0000,0x000000001cab0000)]
  0x000000001b34f800 JavaThread "Asynchronous log dispatcher for DefaultDaemonConnection: socket connection from /127.0.0.1:59345 to /127.0.0.1:59346" [_thread_blocked, id=15644, stack(0x000000001c8b0000,0x000000001c9b0000)]
  0x000000001b162800 JavaThread "Daemon worker" [_thread_in_vm, id=12672, stack(0x000000001c7b0000,0x000000001c8b0000)]
  0x000000001b3c8000 JavaThread "Cancel handler" [_thread_blocked, id=6540, stack(0x000000001c6b0000,0x000000001c7b0000)]
  0x000000001aa4e800 JavaThread "Handler for socket connection from /127.0.0.1:59345 to /127.0.0.1:59346" [_thread_in_native, id=7088, stack(0x000000001c3b0000,0x000000001c4b0000)]
  0x000000001aa4d800 JavaThread "Daemon" [_thread_blocked, id=7648, stack(0x000000001c2b0000,0x000000001c3b0000)]
  0x000000001b0ff800 JavaThread "Daemon periodic checks" [_thread_blocked, id=4052, stack(0x000000001c1b0000,0x000000001c2b0000)]
  0x000000001b288000 JavaThread "Incoming local TCP Connector on port 59345" [_thread_in_native, id=9796, stack(0x000000001bf60000,0x000000001c060000)]
  0x000000001825e000 JavaThread "Service Thread" daemon [_thread_blocked, id=1444, stack(0x000000001a050000,0x000000001a150000)]
  0x000000001820b000 JavaThread "C1 CompilerThread2" daemon [_thread_in_native, id=12680, stack(0x0000000019b50000,0x0000000019c50000)]
  0x0000000018200800 JavaThread "C2 CompilerThread1" daemon [_thread_in_native, id=13284, stack(0x0000000019a50000,0x0000000019b50000)]
=>0x00000000181fd000 JavaThread "C2 CompilerThread0" daemon [_thread_in_native, id=6192, stack(0x0000000019950000,0x0000000019a50000)]
  0x00000000181fa800 JavaThread "Attach Listener" daemon [_thread_blocked, id=10352, stack(0x0000000019850000,0x0000000019950000)]
  0x0000000018207000 JavaThread "Signal Dispatcher" daemon [_thread_blocked, id=11020, stack(0x0000000019750000,0x0000000019850000)]
  0x00000000181e8800 JavaThread "Finalizer" daemon [_thread_blocked, id=10820, stack(0x0000000019450000,0x0000000019550000)]
  0x0000000004881000 JavaThread "Reference Handler" daemon [_thread_blocked, id=9400, stack(0x0000000019350000,0x0000000019450000)]
  0x000000000464e000 JavaThread "main" [_thread_blocked, id=5504, stack(0x0000000004650000,0x0000000004750000)]

Other Threads:
  0x00000000181c6800 VMThread [stack: 0x0000000019250000,0x0000000019350000] [id=14384]
  0x0000000019c72000 WatcherThread [stack: 0x000000001a150000,0x000000001a250000] [id=16428]

VM state:not at safepoint (normal execution)

VM Mutex/Monitor currently owned by a thread: None

Heap:
 PSYoungGen      total 38400K, used 24596K [0x00000000e0000000, 0x00000000e4b00000, 0x0000000100000000)
  eden space 33280K, 58% used [0x00000000e0000000,0x00000000e1305ef0,0x00000000e2080000)
  from space 5120K, 99% used [0x00000000e2080000,0x00000000e257f4e8,0x00000000e2580000)
  to   space 5120K, 0% used [0x00000000e4600000,0x00000000e4600000,0x00000000e4b00000)
 ParOldGen       total 87552K, used 2254K [0x00000000a0000000, 0x00000000a5580000, 0x00000000e0000000)
  object space 87552K, 2% used [0x00000000a0000000,0x00000000a0233980,0x00000000a5580000)
 Metaspace       used 16239K, capacity 16634K, committed 16896K, reserved 1062912K
  class space    used 2301K, capacity 2447K, committed 2560K, reserved 1048576K

Card table byte_map: [0x0000000013c50000,0x0000000013f60000] byte_map_base: 0x0000000013750000

Marking Bits: (ParMarkBitMap*) 0x0000000063044970
 Begin Bits: [0x0000000014560000, 0x0000000015d60000)
 End Bits:   [0x0000000015d60000, 0x0000000017560000)

Polling page: 0x0000000002a60000

CodeCache: size=245760Kb used=5129Kb max_used=5129Kb free=240630Kb
 bounds [0x0000000004890000, 0x0000000004da0000, 0x0000000013890000]
 total_blobs=1899 nmethods=1526 adapters=286
 compilation: enabled

Compilation events (10 events):
Event: 4.357 Thread 0x000000001820b000 1508       3       java.util.ArrayList::isEmpty (13 bytes)
Event: 4.357 Thread 0x000000001820b000 nmethod 1508 0x0000000004d8cb10 code [0x0000000004d8cc60, 0x0000000004d8ce10]
Event: 4.377 Thread 0x000000001820b000 1509       3       org.gradle.internal.service.DefaultServiceRegistry$ParentServices::wrap (10 bytes)
Event: 4.377 Thread 0x000000001820b000 nmethod 1509 0x0000000004d8ce90 code [0x0000000004d8d000, 0x0000000004d8d290]
Event: 4.377 Thread 0x000000001820b000 1510       3       org.gradle.internal.service.DefaultServiceRegistry$ParameterizedTypeSpec::isSatisfiedBy (9 bytes)
Event: 4.377 Thread 0x000000001820b000 nmethod 1510 0x0000000004d8d390 code [0x0000000004d8d500, 0x0000000004d8d7a8]
Event: 4.378 Thread 0x000000001820b000 1511       3       org.gradle.internal.service.DefaultServiceRegistry$OwnServices::hasService (26 bytes)
Event: 4.379 Thread 0x000000001820b000 nmethod 1511 0x0000000004d8d850 code [0x0000000004d8d9c0, 0x0000000004d8dc68]
Event: 4.379 Thread 0x000000001820b000 1512       3       java.util.IdentityHashMap::nextKeyIndex (15 bytes)
Event: 4.379 Thread 0x000000001820b000 nmethod 1512 0x0000000004d8dd50 code [0x0000000004d8dea0, 0x0000000004d8e030]

GC Heap History (6 events):
Event: 1.294 GC heap before
{Heap before GC invocations=1 (full 0):
 PSYoungGen      total 38400K, used 33280K [0x00000000e0000000, 0x00000000e2a80000, 0x0000000100000000)
  eden space 33280K, 100% used [0x00000000e0000000,0x00000000e2080000,0x00000000e2080000)
  from space 5120K, 0% used [0x00000000e2580000,0x00000000e2580000,0x00000000e2a80000)
  to   space 5120K, 0% used [0x00000000e2080000,0x00000000e2080000,0x00000000e2580000)
 ParOldGen       total 87552K, used 0K [0x00000000a0000000, 0x00000000a5580000, 0x00000000e0000000)
  object space 87552K, 0% used [0x00000000a0000000,0x00000000a0000000,0x00000000a5580000)
 Metaspace       used 6907K, capacity 7122K, committed 7424K, reserved 1056768K
  class space    used 841K, capacity 911K, committed 1024K, reserved 1048576K
Event: 1.308 GC heap after
Heap after GC invocations=1 (full 0):
 PSYoungGen      total 38400K, used 4164K [0x00000000e0000000, 0x00000000e4b00000, 0x0000000100000000)
  eden space 33280K, 0% used [0x00000000e0000000,0x00000000e0000000,0x00000000e2080000)
  from space 5120K, 81% used [0x00000000e2080000,0x00000000e24910b8,0x00000000e2580000)
  to   space 5120K, 0% used [0x00000000e4600000,0x00000000e4600000,0x00000000e4b00000)
 ParOldGen       total 87552K, used 8K [0x00000000a0000000, 0x00000000a5580000, 0x00000000e0000000)
  object space 87552K, 0% used [0x00000000a0000000,0x00000000a0002000,0x00000000a5580000)
 Metaspace       used 6907K, capacity 7122K, committed 7424K, reserved 1056768K
  class space    used 841K, capacity 911K, committed 1024K, reserved 1048576K
}
Event: 3.294 GC heap before
{Heap before GC invocations=2 (full 0):
 PSYoungGen      total 38400K, used 37444K [0x00000000e0000000, 0x00000000e4b00000, 0x0000000100000000)
  eden space 33280K, 100% used [0x00000000e0000000,0x00000000e2080000,0x00000000e2080000)
  from space 5120K, 81% used [0x00000000e2080000,0x00000000e24910b8,0x00000000e2580000)
  to   space 5120K, 0% used [0x00000000e4600000,0x00000000e4600000,0x00000000e4b00000)
 ParOldGen       total 87552K, used 8K [0x00000000a0000000, 0x00000000a5580000, 0x00000000e0000000)
  object space 87552K, 0% used [0x00000000a0000000,0x00000000a0002000,0x00000000a5580000)
 Metaspace       used 11255K, capacity 11618K, committed 11904K, reserved 1058816K
  class space    used 1490K, capacity 1597K, committed 1664K, reserved 1048576K
Event: 3.308 GC heap after
Heap after GC invocations=2 (full 0):
 PSYoungGen      total 38400K, used 5099K [0x00000000e0000000, 0x00000000e4b00000, 0x0000000100000000)
  eden space 33280K, 0% used [0x00000000e0000000,0x00000000e0000000,0x00000000e2080000)
  from space 5120K, 99% used [0x00000000e4600000,0x00000000e4afac38,0x00000000e4b00000)
  to   space 5120K, 0% used [0x00000000e2080000,0x00000000e2080000,0x00000000e2580000)
 ParOldGen       total 87552K, used 342K [0x00000000a0000000, 0x00000000a5580000, 0x00000000e0000000)
  object space 87552K, 0% used [0x00000000a0000000,0x00000000a00559b0,0x00000000a5580000)
 Metaspace       used 11255K, capacity 11618K, committed 11904K, reserved 1058816K
  class space    used 1490K, capacity 1597K, committed 1664K, reserved 1048576K
}
Event: 3.945 GC heap before
{Heap before GC invocations=3 (full 0):
 PSYoungGen      total 38400K, used 38379K [0x00000000e0000000, 0x00000000e4b00000, 0x0000000100000000)
  eden space 33280K, 100% used [0x00000000e0000000,0x00000000e2080000,0x00000000e2080000)
  from space 5120K, 99% used [0x00000000e4600000,0x00000000e4afac38,0x00000000e4b00000)
  to   space 5120K, 0% used [0x00000000e2080000,0x00000000e2080000,0x00000000e2580000)
 ParOldGen       total 87552K, used 342K [0x00000000a0000000, 0x00000000a5580000, 0x00000000e0000000)
  object space 87552K, 0% used [0x00000000a0000000,0x00000000a00559b0,0x00000000a5580000)
 Metaspace       used 14425K, capacity 14778K, committed 14976K, reserved 1062912K
  class space    used 2010K, capacity 2127K, committed 2176K, reserved 1048576K
Event: 3.958 GC heap after
Heap after GC invocations=3 (full 0):
 PSYoungGen      total 38400K, used 5117K [0x00000000e0000000, 0x00000000e4b00000, 0x0000000100000000)
  eden space 33280K, 0% used [0x00000000e0000000,0x00000000e0000000,0x00000000e2080000)
  from space 5120K, 99% used [0x00000000e2080000,0x00000000e257f4e8,0x00000000e2580000)
  to   space 5120K, 0% used [0x00000000e4600000,0x00000000e4600000,0x00000000e4b00000)
 ParOldGen       total 87552K, used 2254K [0x00000000a0000000, 0x00000000a5580000, 0x00000000e0000000)
  object space 87552K, 2% used [0x00000000a0000000,0x00000000a0233980,0x00000000a5580000)
 Metaspace       used 14425K, capacity 14778K, committed 14976K, reserved 1062912K
  class space    used 2010K, capacity 2127K, committed 2176K, reserved 1048576K
}

Deoptimization events (10 events):
Event: 2.330 Thread 0x000000000464e000 Uncommon trap: reason=bimorphic action=maybe_recompile pc=0x0000000004bb9618 method=java.util.HashMap.putVal(ILjava/lang/Object;Ljava/lang/Object;ZZ)Ljava/lang/Object; @ 203
Event: 2.569 Thread 0x000000000464e000 Uncommon trap: reason=unstable_if action=reinterpret pc=0x0000000004b5d38c method=java.io.WinNTFileSystem.normalize(Ljava/lang/String;)Ljava/lang/String; @ 128
Event: 2.569 Thread 0x000000000464e000 Uncommon trap: reason=unstable_if action=reinterpret pc=0x0000000004ba5a3c method=java.io.WinNTFileSystem.normalize(Ljava/lang/String;II)Ljava/lang/String; @ 90
Event: 3.326 Thread 0x000000001aa4e800 Uncommon trap: reason=unstable_if action=reinterpret pc=0x0000000004c2fd9c method=java.util.concurrent.ConcurrentHashMap.putVal(Ljava/lang/Object;Ljava/lang/Object;Z)Ljava/lang/Object; @ 206
Event: 3.446 Thread 0x000000001b162800 Uncommon trap: reason=bimorphic action=maybe_recompile pc=0x0000000004bb90a8 method=java.util.HashMap.putVal(ILjava/lang/Object;Ljava/lang/Object;ZZ)Ljava/lang/Object; @ 253
Event: 3.446 Thread 0x000000001b162800 Uncommon trap: reason=bimorphic action=maybe_recompile pc=0x0000000004bb90a8 method=java.util.HashMap.putVal(ILjava/lang/Object;Ljava/lang/Object;ZZ)Ljava/lang/Object; @ 253
Event: 3.446 Thread 0x000000001b162800 Uncommon trap: reason=bimorphic action=maybe_recompile pc=0x0000000004bbbf94 method=java.util.HashMap.putVal(ILjava/lang/Object;Ljava/lang/Object;ZZ)Ljava/lang/Object; @ 253
Event: 3.469 Thread 0x000000001b162800 Uncommon trap: reason=class_check action=maybe_recompile pc=0x0000000004b0de9c method=java.util.regex.Matcher.match(II)Z @ 86
Event: 3.859 Thread 0x000000001b162800 Uncommon trap: reason=class_check action=maybe_recompile pc=0x0000000004b0de9c method=java.util.regex.Matcher.match(II)Z @ 86
Event: 3.974 Thread 0x000000001b162800 Uncommon trap: reason=unstable_if action=reinterpret pc=0x0000000004d16e34 method=java.lang.String.lastIndexOf([CII[CIII)I @ 66

Classes redefined (0 events):
No events

Internal exceptions (10 events):
Event: 3.354 Thread 0x000000001aa4e800 Exception <a 'java/lang/NoSuchMethodError': <clinit>> (0x00000000e0164898) thrown at [D:\src\AOSP-openjdk-cygwin\jdk8u\hotspot\src\share\vm\prims\jni.cpp, line 1613]
Event: 3.355 Thread 0x000000001aa4e800 Exception <a 'java/lang/NoSuchMethodError': <clinit>> (0x00000000e016d360) thrown at [D:\src\AOSP-openjdk-cygwin\jdk8u\hotspot\src\share\vm\prims\jni.cpp, line 1613]
Event: 3.358 Thread 0x000000001aa4e800 Exception <a 'java/lang/NoSuchMethodError': <clinit>> (0x00000000e017ea18) thrown at [D:\src\AOSP-openjdk-cygwin\jdk8u\hotspot\src\share\vm\prims\jni.cpp, line 1613]
Event: 3.372 Thread 0x000000001aa4e800 Exception <a 'java/lang/NoSuchMethodError': <clinit>> (0x00000000e01e3ba0) thrown at [D:\src\AOSP-openjdk-cygwin\jdk8u\hotspot\src\share\vm\prims\jni.cpp, line 1613]
Event: 3.377 Thread 0x000000001aa4e800 Exception <a 'java/lang/NoSuchMethodError': <clinit>> (0x00000000e02074e0) thrown at [D:\src\AOSP-openjdk-cygwin\jdk8u\hotspot\src\share\vm\prims\jni.cpp, line 1613]
Event: 3.389 Thread 0x000000001aa4e800 Exception <a 'java/lang/NoSuchMethodError': <clinit>> (0x00000000e02314f8) thrown at [D:\src\AOSP-openjdk-cygwin\jdk8u\hotspot\src\share\vm\prims\jni.cpp, line 1613]
Event: 3.396 Thread 0x000000001aa4e800 Exception <a 'java/lang/NoSuchMethodError': <clinit>> (0x00000000e023f0b0) thrown at [D:\src\AOSP-openjdk-cygwin\jdk8u\hotspot\src\share\vm\prims\jni.cpp, line 1613]
Event: 3.402 Thread 0x000000001aa4e800 Exception <a 'java/lang/NoSuchMethodError': <clinit>> (0x00000000e0262f08) thrown at [D:\src\AOSP-openjdk-cygwin\jdk8u\hotspot\src\share\vm\prims\jni.cpp, line 1613]
Event: 3.431 Thread 0x000000001b162800 Exception <a 'java/lang/NoSuchMethodError': <clinit>> (0x00000000e03ab5e8) thrown at [D:\src\AOSP-openjdk-cygwin\jdk8u\hotspot\src\share\vm\prims\jni.cpp, line 1613]
Event: 3.432 Thread 0x000000001b162800 Exception <a 'java/lang/NoSuchMethodError': <clinit>> (0x00000000e03b3870) thrown at [D:\src\AOSP-openjdk-cygwin\jdk8u\hotspot\src\share\vm\prims\jni.cpp, line 1613]

Events (10 events):
Event: 4.388 loading class org/gradle/internal/nativeintegration/services/FileSystems
Event: 4.388 loading class org/gradle/internal/nativeintegration/services/FileSystems done
Event: 4.388 loading class org/gradle/api/internal/file/delete/Deleter
Event: 4.388 loading class org/gradle/api/internal/file/delete/Deleter done
Event: 4.389 loading class org/gradle/api/file/UnableToDeleteFileException
Event: 4.389 loading class org/gradle/api/file/UnableToDeleteFileException done
Event: 4.389 loading class org/gradle/api/internal/file/delete/DeleteSpecInternal
Event: 4.389 loading class org/gradle/api/internal/file/delete/DeleteSpecInternal done
Event: 4.389 loading class org/gradle/api/file/DeleteSpec
Event: 4.389 loading class org/gradle/api/file/DeleteSpec done


Dynamic libraries:
0x00007ff791810000 - 0x00007ff791841000 	C:\Program Files\Android\Android Studio\jre\bin\java.exe
0x00007ffe11ac0000 - 0x00007ffe11ca0000 	C:\WINDOWS\SYSTEM32\ntdll.dll
0x00007ffe10000000 - 0x00007ffe100ae000 	C:\WINDOWS\System32\KERNEL32.DLL
0x00007ffe0e7d0000 - 0x00007ffe0ea36000 	C:\WINDOWS\System32\KERNELBASE.dll
0x00007ffe0ef90000 - 0x00007ffe0f031000 	C:\WINDOWS\System32\ADVAPI32.dll
0x00007ffe0f730000 - 0x00007ffe0f7cd000 	C:\WINDOWS\System32\msvcrt.dll
0x00007ffe0ffa0000 - 0x00007ffe0fffb000 	C:\WINDOWS\System32\sechost.dll
0x00007ffe0fb60000 - 0x00007ffe0fc7f000 	C:\WINDOWS\System32\RPCRT4.dll
0x00007ffe10210000 - 0x00007ffe1039f000 	C:\WINDOWS\System32\USER32.dll
0x00007ffe0e7b0000 - 0x00007ffe0e7d0000 	C:\WINDOWS\System32\win32u.dll
0x00007ffe0f590000 - 0x00007ffe0f5b8000 	C:\WINDOWS\System32\GDI32.dll
0x00007ffe0eac0000 - 0x00007ffe0ec53000 	C:\WINDOWS\System32\gdi32full.dll
0x00007ffe0dec0000 - 0x00007ffe0df5b000 	C:\WINDOWS\System32\msvcp_win.dll
0x00007ffe0ec60000 - 0x00007ffe0ed56000 	C:\WINDOWS\System32\ucrtbase.dll
0x00007ffdfe7f0000 - 0x00007ffdfea59000 	C:\WINDOWS\WinSxS\amd64_microsoft.windows.common-controls_6595b64144ccf1df_6.0.16299.309_none_15cfd4c4935e6b11\COMCTL32.dll
0x00007ffe0fc90000 - 0x00007ffe0ff98000 	C:\WINDOWS\System32\combase.dll
0x00007ffe0ea40000 - 0x00007ffe0eab2000 	C:\WINDOWS\System32\bcryptPrimitives.dll
0x00007ffe0f550000 - 0x00007ffe0f57d000 	C:\WINDOWS\System32\IMM32.DLL
0x0000000061fb0000 - 0x0000000062082000 	C:\Program Files\Android\Android Studio\jre\jre\bin\msvcr100.dll
0x0000000062880000 - 0x00000000630bf000 	C:\Program Files\Android\Android Studio\jre\jre\bin\server\jvm.dll
0x00007ffe100b0000 - 0x00007ffe100b8000 	C:\WINDOWS\System32\PSAPI.DLL
0x00007ffdfeec0000 - 0x00007ffdfeec9000 	C:\WINDOWS\SYSTEM32\WSOCK32.dll
0x00007ffe10440000 - 0x00007ffe104ac000 	C:\WINDOWS\System32\WS2_32.dll
0x00007ffdfe300000 - 0x00007ffdfe30a000 	C:\WINDOWS\SYSTEM32\VERSION.dll
0x00007ffe0ab50000 - 0x00007ffe0ab73000 	C:\WINDOWS\SYSTEM32\WINMM.dll
0x00007ffe0aaf0000 - 0x00007ffe0ab1a000 	C:\WINDOWS\SYSTEM32\WINMMBASE.dll
0x00007ffe0df60000 - 0x00007ffe0dfaa000 	C:\WINDOWS\System32\cfgmgr32.dll
0x00007ffe0a650000 - 0x00007ffe0a65f000 	C:\Program Files\Android\Android Studio\jre\jre\bin\verify.dll
0x00007ffe02070000 - 0x00007ffe02099000 	C:\Program Files\Android\Android Studio\jre\jre\bin\java.dll
0x00007ffe02050000 - 0x00007ffe02066000 	C:\Program Files\Android\Android Studio\jre\jre\bin\zip.dll
0x00007ffe10650000 - 0x00007ffe11a86000 	C:\WINDOWS\System32\SHELL32.dll
0x00007ffe0fab0000 - 0x00007ffe0fb56000 	C:\WINDOWS\System32\shcore.dll
0x00007ffe0e060000 - 0x00007ffe0e7a7000 	C:\WINDOWS\System32\windows.storage.dll
0x00007ffe0f040000 - 0x00007ffe0f091000 	C:\WINDOWS\System32\shlwapi.dll
0x00007ffe0de50000 - 0x00007ffe0de61000 	C:\WINDOWS\System32\kernel.appcore.dll
0x00007ffe0de70000 - 0x00007ffe0debc000 	C:\WINDOWS\System32\powrprof.dll
0x00007ffe0de10000 - 0x00007ffe0de2b000 	C:\WINDOWS\System32\profapi.dll
0x00007ffe01f50000 - 0x00007ffe01f6a000 	C:\Program Files\Android\Android Studio\jre\jre\bin\net.dll
0x00007ffe0d6a0000 - 0x00007ffe0d706000 	C:\WINDOWS\system32\mswsock.dll
0x00007ffe01100000 - 0x00007ffe01111000 	C:\Program Files\Android\Android Studio\jre\jre\bin\nio.dll
0x00007ffdffbf0000 - 0x00007ffdffc0e000 	C:\Users\Usuario\.gradle\native\25\windows-amd64\native-platform.dll
0x00007ffe0a000000 - 0x00007ffe0a00d000 	C:\Program Files\Android\Android Studio\jre\jre\bin\management.dll
0x00007ffe0d860000 - 0x00007ffe0d877000 	C:\WINDOWS\SYSTEM32\CRYPTSP.dll
0x00007ffe0d2a0000 - 0x00007ffe0d2d3000 	C:\WINDOWS\system32\rsaenh.dll
0x00007ffe0d970000 - 0x00007ffe0d995000 	C:\WINDOWS\SYSTEM32\bcrypt.dll
0x00007ffe0dd10000 - 0x00007ffe0dd39000 	C:\WINDOWS\SYSTEM32\USERENV.dll
0x00007ffe0d880000 - 0x00007ffe0d88b000 	C:\WINDOWS\SYSTEM32\CRYPTBASE.dll
0x00007ffe0d430000 - 0x00007ffe0d469000 	C:\WINDOWS\SYSTEM32\IPHLPAPI.DLL
0x00007ffe0fc80000 - 0x00007ffe0fc88000 	C:\WINDOWS\System32\NSI.dll
0x00007ffe057f0000 - 0x00007ffe05806000 	C:\WINDOWS\SYSTEM32\dhcpcsvc6.DLL
0x00007ffe05740000 - 0x00007ffe0575a000 	C:\WINDOWS\SYSTEM32\dhcpcsvc.DLL

VM Arguments:
jvm_args: -Xmx1536m -Dfile.encoding=windows-1252 -Duser.country=BR -Duser.language=pt -Duser.variant 
java_command: org.gradle.launcher.daemon.bootstrap.GradleDaemon 4.4
java_class_path (initial): C:\Users\Usuario\.gradle\wrapper\dists\gradle-4.4-all\9br9xq1tocpiv8o6njlyu5op1\gradle-4.4\lib\gradle-launcher-4.4.jar
Launcher Type: SUN_STANDARD

Environment Variables:
PATH=C:\ProgramData\Oracle\Java\javapath;C:\Program Files (x86)\Common Files\Intel\Shared Libraries\redist\intel64\compiler;C:\WINDOWS\system32;C:\WINDOWS;C:\WINDOWS\System32\Wbem;C:\WINDOWS\System32\WindowsPowerShell\v1.0\;C:\Program Files (x86)\Skype\Phone\;C:\Program Files\Microsoft SQL Server\130\Tools\Binn\;C:\Program Files\dotnet\;C:\Program Files\Common Files\Autodesk Shared\;C:\Program Files (x86)\Autodesk\Backburner\;C:\xampp\php;C:\ProgramData\ComposerSetup\bin;C:\Program Files\nodejs\;C:\Program Files\Git\cmd;C:\Program Files (x86)\GtkSharp\2.12\bin;C:\Users\Usuario\AppData\Local\Microsoft\WindowsApps;C:\Program Files (x86)\Microsoft VS Code\bin;C:\Users\Usuario\AppData\Roaming\Composer\vendor\bin;C:\android-sdk-windows\tools;c:\android-sdk-windows\platform-tools;C:\Users\Usuario\AppData\Roaming\npm;C:\Program Files (x86)\FreeArc\bin
USERNAME=Usuario
OS=Windows_NT
PROCESSOR_IDENTIFIER=Intel64 Family 6 Model 61 Stepping 4, GenuineIntel



---------------  S Y S T E M  ---------------

OS: Windows 10.0 , 64 bit Build 16299 (10.0.16299.15)

CPU:total 4 (initial active 4) (2 cores per cpu, 2 threads per core) family 6 model 61 stepping 4, cmov, cx8, fxsr, mmx, sse, sse2, sse3, ssse3, sse4.1, sse4.2, popcnt, avx, avx2, aes, clmul, erms, 3dnowpref, lzcnt, ht, tsc, tscinvbit, bmi1, bmi2, adx

Memory: 4k page, physical 8306096k(474480k free), swap 14597552k(1488k free)

vm_info: OpenJDK 64-Bit Server VM (25.152-b02) for windows-amd64 JRE (1.8.0_152-release-1024-b02), built by "builder" with MS VC++ 10.0 (VS2010)

time: Thu Apr 12 21:27:26 2018
elapsed time: 5 seconds (0d 0h 0m 5s)

