#
# There is insufficient memory for the Java Runtime Environment to continue.
# Native memory allocation (malloc) failed to allocate 1387216 bytes for Chunk::new
# Possible reasons:
#   The system is out of physical RAM or swap space
#   In 32 bit mode, the process size limit was hit
# Possible solutions:
#   Reduce memory load on the system
#   Increase physical memory or swap space
#   Check if swap backing store is full
#   Use 64 bit Java on a 64 bit OS
#   Decrease Java heap size (-Xmx/-Xms)
#   Decrease number of Java threads
#   Decrease Java thread stack sizes (-Xss)
#   Set larger code cache with -XX:ReservedCodeCacheSize=
# This output file may be truncated or incomplete.
#
#  Out of Memory Error (allocation.cpp:390), pid=8568, tid=0x0000000000000e98
#
# JRE version: OpenJDK Runtime Environment (8.0_152-b02) (build 1.8.0_152-release-1024-b02)
# Java VM: OpenJDK 64-Bit Server VM (25.152-b02 mixed mode windows-amd64 compressed oops)
# Failed to write core dump. Minidumps are not enabled by default on client versions of Windows
#

---------------  T H R E A D  ---------------

Current thread (0x00000000186cb000):  JavaThread "C2 CompilerThread1" daemon [_thread_in_native, id=3736, stack(0x0000000019e30000,0x0000000019f30000)]

Stack: [0x0000000019e30000,0x0000000019f30000]
[error occurred during error reporting (printing stack bounds), id 0xc0000005]

Native frames: (J=compiled Java code, j=interpreted, Vv=VM code, C=native code)


Current CompileTask:
C2:3276995 19136       4       com.android.utils.XmlUtils::append (540 bytes)


---------------  P R O C E S S  ---------------

Java Threads: ( => current thread )
  0x000000001ecc0800 JavaThread "stdout" daemon [_thread_in_native, id=8504, stack(0x00000000403a0000,0x00000000404a0000)]
  0x000000001ecc0000 JavaThread "stderr" daemon [_thread_in_native, id=508, stack(0x00000000402a0000,0x00000000403a0000)]
  0x000000001ecbd800 JavaThread "pool-42-thread-4" [_thread_blocked, id=16968, stack(0x00000000401a0000,0x00000000402a0000)]
  0x000000001ecbd000 JavaThread "stdout" daemon [_thread_in_native, id=4700, stack(0x000000003fba0000,0x000000003fca0000)]
  0x000000001ecbc000 JavaThread "stderr" daemon [_thread_in_native, id=3828, stack(0x000000003faa0000,0x000000003fba0000)]
  0x000000001ecb3000 JavaThread "Java2D Disposer" daemon [_thread_blocked, id=12324, stack(0x000000003f9a0000,0x000000003faa0000)]
  0x000000001ecb7800 JavaThread "queued-resource-processor_4" daemon [_thread_blocked, id=8408, stack(0x000000003f5a0000,0x000000003f6a0000)]
  0x000000001ecb4800 JavaThread "queued-resource-processor_3" daemon [_thread_in_native, id=17012, stack(0x000000003f4a0000,0x000000003f5a0000)]
  0x000000001ecb9000 JavaThread "queued-resource-processor_2" daemon [_thread_blocked, id=1080, stack(0x000000003f3a0000,0x000000003f4a0000)]
  0x000000001ecb4000 JavaThread "queued-resource-processor_1" daemon [_thread_blocked, id=9844, stack(0x000000003f2a0000,0x000000003f3a0000)]
  0x000000001ecb5800 JavaThread "Worker Daemon Execution Thread 20" [_thread_blocked, id=16236, stack(0x000000003f1a0000,0x000000003f2a0000)]
  0x000000001ecb8800 JavaThread "Worker Daemon Execution Thread 19" [_thread_blocked, id=12196, stack(0x000000003f0a0000,0x000000003f1a0000)]
  0x000000001ecba000 JavaThread "Worker Daemon Execution Thread 18" [_thread_blocked, id=11760, stack(0x000000003efa0000,0x000000003f0a0000)]
  0x000000001ecb7000 JavaThread "Worker Daemon Execution Thread 17" [_thread_blocked, id=16812, stack(0x000000003eea0000,0x000000003efa0000)]
  0x000000001b184800 JavaThread "Worker Daemon Execution Thread 16" [_thread_blocked, id=13548, stack(0x000000003eda0000,0x000000003eea0000)]
  0x000000001b183000 JavaThread "Worker Daemon Execution Thread 15" [_thread_blocked, id=16512, stack(0x000000003eca0000,0x000000003eda0000)]
  0x000000001b181800 JavaThread "Worker Daemon Execution Thread 14" [_thread_blocked, id=10252, stack(0x000000003eba0000,0x000000003eca0000)]
  0x000000001b181000 JavaThread "Worker Daemon Execution Thread 13" [_thread_blocked, id=3916, stack(0x000000003eaa0000,0x000000003eba0000)]
  0x000000001b185800 JavaThread "Worker Daemon Execution Thread 12" [_thread_blocked, id=13832, stack(0x000000003e9a0000,0x000000003eaa0000)]
  0x000000001b184000 JavaThread "Worker Daemon Execution Thread 11" [_thread_blocked, id=16088, stack(0x000000003e8a0000,0x000000003e9a0000)]
  0x000000001ef2e000 JavaThread "Worker Daemon Execution Thread 10" [_thread_blocked, id=17368, stack(0x000000003e7a0000,0x000000003e8a0000)]
  0x000000001ef2d000 JavaThread "Worker Daemon Execution Thread 9" [_thread_blocked, id=1368, stack(0x000000003e6a0000,0x000000003e7a0000)]
  0x000000001ef33000 JavaThread "Worker Daemon Execution Thread 8" [_thread_blocked, id=16140, stack(0x000000003e5a0000,0x000000003e6a0000)]
  0x000000001ef30000 JavaThread "Worker Daemon Execution Thread 7" [_thread_blocked, id=11536, stack(0x000000003e4a0000,0x000000003e5a0000)]
  0x000000001ef32800 JavaThread "Worker Daemon Execution Thread 6" [_thread_blocked, id=408, stack(0x000000003e3a0000,0x000000003e4a0000)]
  0x000000001ef31800 JavaThread "Worker Daemon Execution Thread 5" [_thread_blocked, id=10192, stack(0x000000003e2a0000,0x000000003e3a0000)]
  0x000000001ef2f800 JavaThread "Worker Daemon Execution Thread 4" [_thread_blocked, id=10688, stack(0x000000003e1a0000,0x000000003e2a0000)]
  0x000000001ef2c800 JavaThread "Worker Daemon Execution Thread 3" [_thread_blocked, id=16568, stack(0x000000003e0a0000,0x000000003e1a0000)]
  0x000000001ef2e800 JavaThread "Worker Daemon Execution Thread 2" [_thread_blocked, id=12200, stack(0x000000003dfa0000,0x000000003e0a0000)]
  0x000000001ef24000 JavaThread "Worker Daemon Execution" [_thread_blocked, id=16472, stack(0x000000003dea0000,0x000000003dfa0000)]
  0x000000001f2d1800 JavaThread "Task worker for ':' Thread 3" [_thread_blocked, id=16496, stack(0x000000003dda0000,0x000000003dea0000)]
  0x000000001f2d0000 JavaThread "Task worker for ':' Thread 2" [_thread_blocked, id=11480, stack(0x000000003dca0000,0x000000003dda0000)]
  0x000000001f2d0800 JavaThread "Task worker for ':'" [_thread_blocked, id=7376, stack(0x000000003dba0000,0x000000003dca0000)]
  0x000000001f2ce000 JavaThread "Cache worker for Build Output Cleanup Cache (E:\Projetos\Android\AppSI\.gradle\buildOutputCleanup)" [_thread_blocked, id=9836, stack(0x000000003daa0000,0x000000003dba0000)]
  0x000000001f2cd800 JavaThread "Cache worker for task history cache (E:\Projetos\Android\AppSI\.gradle\4.4\taskHistory)" [_thread_blocked, id=16944, stack(0x000000003d9a0000,0x000000003daa0000)]
  0x000000001f2cf000 JavaThread "build operations Thread 4" [_thread_blocked, id=16524, stack(0x000000003d8a0000,0x000000003d9a0000)]
  0x000000001f2cc800 JavaThread "build operations Thread 3" [_thread_blocked, id=14096, stack(0x000000003d7a0000,0x000000003d8a0000)]
  0x000000001f2cc000 JavaThread "build operations Thread 2" [_thread_blocked, id=15388, stack(0x000000003d6a0000,0x000000003d7a0000)]
  0x000000001f2c4800 JavaThread "build operations" [_thread_blocked, id=12436, stack(0x000000003d5a0000,0x000000003d6a0000)]
  0x000000001f2ca800 JavaThread "Cache worker for Artifact transforms cache (C:\Users\Usuario\.gradle\caches\transforms-1)" [_thread_blocked, id=1112, stack(0x000000003d4a0000,0x000000003d5a0000)]
  0x000000001f2c7800 JavaThread "Cache worker for file hash cache (E:\Projetos\Android\AppSI\.gradle\4.4\fileHashes)" [_thread_blocked, id=2368, stack(0x000000003d1a0000,0x000000003d2a0000)]
  0x000000001f2c9800 JavaThread "Asynchronous log dispatcher for DefaultDaemonConnection: socket connection from /127.0.0.1:55090 to /127.0.0.1:56092" [_thread_blocked, id=4944, stack(0x000000003cfa0000,0x000000003d0a0000)]
  0x000000001f2c2000 JavaThread "Cancel handler" [_thread_blocked, id=9696, stack(0x000000003cea0000,0x000000003cfa0000)]
  0x000000001f2c6800 JavaThread "Handler for socket connection from /127.0.0.1:55090 to /127.0.0.1:56092" [_thread_in_native, id=6216, stack(0x000000003cda0000,0x000000003cea0000)]
  0x000000001ef29800 JavaThread "Daemon worker Thread 7" [_thread_blocked, id=3332, stack(0x000000003c1a0000,0x000000003c2a0000)]
  0x000000001ef28800 JavaThread "Daemon Thread 7" [_thread_blocked, id=13592, stack(0x000000003bea0000,0x000000003bfa0000)]
  0x000000001ef25000 JavaThread "pool-8-thread-2" [_thread_blocked, id=12608, stack(0x000000003baa0000,0x000000003bba0000)]
  0x000000001f2c5000 JavaThread "stdout" daemon [_thread_in_native, id=4868, stack(0x00000000319a0000,0x0000000031aa0000)]
  0x000000001f2c8000 JavaThread "stderr" daemon [_thread_in_native, id=16456, stack(0x00000000318a0000,0x00000000319a0000)]
  0x000000001b180000 JavaThread "pool-8-thread-1" [_thread_blocked, id=14556, stack(0x000000002bca0000,0x000000002bda0000)]
  0x000000001b182800 JavaThread "Memory manager" [_thread_blocked, id=1196, stack(0x0000000023040000,0x0000000023140000)]
  0x000000001b9b8000 JavaThread "File lock request listener" [_thread_in_native, id=15708, stack(0x000000001d190000,0x000000001d290000)]
  0x000000001b717800 JavaThread "Cache worker for file hash cache (C:\Users\Usuario\.gradle\caches\4.4\fileHashes)" [_thread_blocked, id=17020, stack(0x000000001d090000,0x000000001d190000)]
  0x000000001b3d3800 JavaThread "Daemon periodic checks" [_thread_blocked, id=16316, stack(0x000000001c590000,0x000000001c690000)]
  0x000000001b1a7800 JavaThread "Incoming local TCP Connector on port 55090" [_thread_in_native, id=15480, stack(0x000000001c340000,0x000000001c440000)]
  0x000000001872d800 JavaThread "Service Thread" daemon [_thread_blocked, id=16900, stack(0x000000001a430000,0x000000001a530000)]
  0x00000000186d3800 JavaThread "C1 CompilerThread2" daemon [_thread_blocked, id=11060, stack(0x0000000019f30000,0x000000001a030000)]
=>0x00000000186cb000 JavaThread "C2 CompilerThread1" daemon [_thread_in_native, id=3736, stack(0x0000000019e30000,0x0000000019f30000)]
  0x00000000186db000 JavaThread "C2 CompilerThread0" daemon [_thread_blocked, id=13816, stack(0x0000000019d30000,0x0000000019e30000)]
  0x00000000186d9000 JavaThread "Attach Listener" daemon [_thread_blocked, id=3212, stack(0x0000000019c30000,0x0000000019d30000)]
  0x00000000186d6000 JavaThread "Signal Dispatcher" daemon [_thread_blocked, id=17100, stack(0x0000000019b30000,0x0000000019c30000)]
  0x00000000186be000 JavaThread "Finalizer" daemon [_thread_blocked, id=10684, stack(0x0000000019930000,0x0000000019a30000)]
  0x0000000004d53000 JavaThread "Reference Handler" daemon [_thread_blocked, id=5020, stack(0x0000000019830000,0x0000000019930000)]
  0x0000000004c5e000 JavaThread "main" [_thread_blocked, id=8360, stack(0x0000000004b50000,0x0000000004c50000)]

Other Threads:
  0x0000000018696800 VMThread [stack: 0x0000000019730000,0x0000000019830000] [id=12616]
  0x000000001872e800 WatcherThread [stack: 0x000000001a530000,0x000000001a630000] [id=9188]

VM state:not at safepoint (normal execution)

VM Mutex/Monitor currently owned by a thread: None

Heap:
 PSYoungGen      total 346112K, used 18372K [0x00000000e0000000, 0x00000000f6500000, 0x0000000100000000)
  eden space 330752K, 0% used [0x00000000e0000000,0x00000000e02f5978,0x00000000f4300000)
  from space 15360K, 99% used [0x00000000f5600000,0x00000000f64fb888,0x00000000f6500000)
  to   space 17408K, 0% used [0x00000000f4300000,0x00000000f4300000,0x00000000f5400000)
 ParOldGen       total 175616K, used 99161K [0x00000000a0000000, 0x00000000aab80000, 0x00000000e0000000)
  object space 175616K, 56% used [0x00000000a0000000,0x00000000a60d6548,0x00000000aab80000)
 Metaspace       used 118195K, capacity 124032K, committed 124236K, reserved 1157120K
  class space    used 15236K, capacity 16473K, committed 16512K, reserved 1048576K

Card table byte_map: [0x0000000014120000,0x0000000014430000] byte_map_base: 0x0000000013c20000

Marking Bits: (ParMarkBitMap*) 0x0000000063044970
 Begin Bits: [0x0000000014a30000, 0x0000000016230000)
 End Bits:   [0x0000000016230000, 0x0000000017a30000)

Polling page: 0x00000000032d0000

CodeCache: size=245760Kb used=51729Kb max_used=51747Kb free=194030Kb
 bounds [0x0000000004d60000, 0x0000000008040000, 0x0000000013d60000]
 total_blobs=16536 nmethods=15532 adapters=915
 compilation: enabled

Compilation events (10 events):
Event: 3275.386 Thread 0x00000000186d3800 nmethod 19137 0x000000000800e210 code [0x000000000800e480, 0x000000000800f278]
Event: 3275.386 Thread 0x00000000186d3800 19138       3       java.io.FileOutputStream::open (7 bytes)
Event: 3275.387 Thread 0x00000000186d3800 nmethod 19138 0x000000000800a7d0 code [0x000000000800a940, 0x000000000800aac8]
Event: 3275.783 Thread 0x00000000186db000 nmethod 19135 0x000000000802bf90 code [0x000000000802c420, 0x000000000802f148]
Event: 3275.874 Thread 0x00000000186d3800 19139       1       com.android.ide.common.res2.CompileResourceRequest::getInputFile (5 bytes)
Event: 3275.875 Thread 0x00000000186d3800 nmethod 19139 0x000000000800df50 code [0x000000000800e0a0, 0x000000000800e1b0]
Event: 3275.907 Thread 0x00000000186d3800 19140       3       com.google.common.collect.RegularImmutableSet::contains (56 bytes)
Event: 3275.908 Thread 0x00000000186d3800 nmethod 19140 0x000000000800d450 code [0x000000000800d600, 0x000000000800dc78]
Event: 3275.963 Thread 0x00000000186d3800 19141       1       com.google.common.cache.LocalCache$2::poll (2 bytes)
Event: 3275.964 Thread 0x00000000186d3800 nmethod 19141 0x000000000800d190 code [0x000000000800d2e0, 0x000000000800d3f0]

GC Heap History (10 events):
Event: 3139.949 GC heap before
{Heap before GC invocations=28 (full 3):
 PSYoungGen      total 291328K, used 277143K [0x00000000e0000000, 0x00000000f3700000, 0x0000000100000000)
  eden space 275968K, 100% used [0x00000000e0000000,0x00000000f0d80000,0x00000000f0d80000)
  from space 15360K, 7% used [0x00000000f1c80000,0x00000000f1da5c48,0x00000000f2b80000)
  to   space 15360K, 0% used [0x00000000f0d80000,0x00000000f0d80000,0x00000000f1c80000)
 ParOldGen       total 143360K, used 60675K [0x00000000a0000000, 0x00000000a8c00000, 0x00000000e0000000)
  object space 143360K, 42% used [0x00000000a0000000,0x00000000a3b40d88,0x00000000a8c00000)
 Metaspace       used 88454K, capacity 92958K, committed 93272K, reserved 1130496K
  class space    used 11397K, capacity 12338K, committed 12416K, reserved 1048576K
Event: 3140.268 GC heap after
Heap after GC invocations=28 (full 3):
 PSYoungGen      total 291328K, used 15035K [0x00000000e0000000, 0x00000000f6780000, 0x0000000100000000)
  eden space 275968K, 0% used [0x00000000e0000000,0x00000000e0000000,0x00000000f0d80000)
  from space 15360K, 97% used [0x00000000f0d80000,0x00000000f1c2ed40,0x00000000f1c80000)
  to   space 17920K, 0% used [0x00000000f5600000,0x00000000f5600000,0x00000000f6780000)
 ParOldGen       total 143360K, used 60899K [0x00000000a0000000, 0x00000000a8c00000, 0x00000000e0000000)
  object space 143360K, 42% used [0x00000000a0000000,0x00000000a3b78e58,0x00000000a8c00000)
 Metaspace       used 88454K, capacity 92958K, committed 93272K, reserved 1130496K
  class space    used 11397K, capacity 12338K, committed 12416K, reserved 1048576K
}
Event: 3153.912 GC heap before
{Heap before GC invocations=29 (full 3):
 PSYoungGen      total 291328K, used 89773K [0x00000000e0000000, 0x00000000f6780000, 0x0000000100000000)
  eden space 275968K, 27% used [0x00000000e0000000,0x00000000e48fca78,0x00000000f0d80000)
  from space 15360K, 97% used [0x00000000f0d80000,0x00000000f1c2ed40,0x00000000f1c80000)
  to   space 17920K, 0% used [0x00000000f5600000,0x00000000f5600000,0x00000000f6780000)
 ParOldGen       total 143360K, used 60899K [0x00000000a0000000, 0x00000000a8c00000, 0x00000000e0000000)
  object space 143360K, 42% used [0x00000000a0000000,0x00000000a3b78e58,0x00000000a8c00000)
 Metaspace       used 93470K, capacity 98242K, committed 98380K, reserved 1134592K
  class space    used 12104K, capacity 13107K, committed 13184K, reserved 1048576K
Event: 3154.033 GC heap after
Heap after GC invocations=29 (full 3):
 PSYoungGen      total 346112K, used 8826K [0x00000000e0000000, 0x00000000f6500000, 0x0000000100000000)
  eden space 330752K, 0% used [0x00000000e0000000,0x00000000e0000000,0x00000000f4300000)
  from space 15360K, 57% used [0x00000000f5600000,0x00000000f5e9eb88,0x00000000f6500000)
  to   space 17408K, 0% used [0x00000000f4300000,0x00000000f4300000,0x00000000f5400000)
 ParOldGen       total 143360K, used 68872K [0x00000000a0000000, 0x00000000a8c00000, 0x00000000e0000000)
  object space 143360K, 48% used [0x00000000a0000000,0x00000000a43421c8,0x00000000a8c00000)
 Metaspace       used 93470K, capacity 98242K, committed 98380K, reserved 1134592K
  class space    used 12104K, capacity 13107K, committed 13184K, reserved 1048576K
}
Event: 3154.034 GC heap before
{Heap before GC invocations=30 (full 4):
 PSYoungGen      total 346112K, used 8826K [0x00000000e0000000, 0x00000000f6500000, 0x0000000100000000)
  eden space 330752K, 0% used [0x00000000e0000000,0x00000000e0000000,0x00000000f4300000)
  from space 15360K, 57% used [0x00000000f5600000,0x00000000f5e9eb88,0x00000000f6500000)
  to   space 17408K, 0% used [0x00000000f4300000,0x00000000f4300000,0x00000000f5400000)
 ParOldGen       total 143360K, used 68872K [0x00000000a0000000, 0x00000000a8c00000, 0x00000000e0000000)
  object space 143360K, 48% used [0x00000000a0000000,0x00000000a43421c8,0x00000000a8c00000)
 Metaspace       used 93470K, capacity 98242K, committed 98380K, reserved 1134592K
  class space    used 12104K, capacity 13107K, committed 13184K, reserved 1048576K
Event: 3159.412 GC heap after
Heap after GC invocations=30 (full 4):
 PSYoungGen      total 346112K, used 0K [0x00000000e0000000, 0x00000000f6500000, 0x0000000100000000)
  eden space 330752K, 0% used [0x00000000e0000000,0x00000000e0000000,0x00000000f4300000)
  from space 15360K, 0% used [0x00000000f5600000,0x00000000f5600000,0x00000000f6500000)
  to   space 17408K, 0% used [0x00000000f4300000,0x00000000f4300000,0x00000000f5400000)
 ParOldGen       total 175616K, used 44950K [0x00000000a0000000, 0x00000000aab80000, 0x00000000e0000000)
  object space 175616K, 25% used [0x00000000a0000000,0x00000000a2be5830,0x00000000aab80000)
 Metaspace       used 92103K, capacity 95780K, committed 98380K, reserved 1134592K
  class space    used 11822K, capacity 12652K, committed 13184K, reserved 1048576K
}
Event: 3220.309 GC heap before
{Heap before GC invocations=31 (full 4):
 PSYoungGen      total 346112K, used 330752K [0x00000000e0000000, 0x00000000f6500000, 0x0000000100000000)
  eden space 330752K, 100% used [0x00000000e0000000,0x00000000f4300000,0x00000000f4300000)
  from space 15360K, 0% used [0x00000000f5600000,0x00000000f5600000,0x00000000f6500000)
  to   space 17408K, 0% used [0x00000000f4300000,0x00000000f4300000,0x00000000f5400000)
 ParOldGen       total 175616K, used 44950K [0x00000000a0000000, 0x00000000aab80000, 0x00000000e0000000)
  object space 175616K, 25% used [0x00000000a0000000,0x00000000a2be5830,0x00000000aab80000)
 Metaspace       used 102666K, capacity 107548K, committed 107724K, reserved 1142784K
  class space    used 13235K, capacity 14318K, committed 14336K, reserved 1048576K
Event: 3220.415 GC heap after
Heap after GC invocations=31 (full 4):
 PSYoungGen      total 348160K, used 17376K [0x00000000e0000000, 0x00000000f6500000, 0x0000000100000000)
  eden space 330752K, 0% used [0x00000000e0000000,0x00000000e0000000,0x00000000f4300000)
  from space 17408K, 99% used [0x00000000f4300000,0x00000000f53f8010,0x00000000f5400000)
  to   space 15360K, 0% used [0x00000000f5600000,0x00000000f5600000,0x00000000f6500000)
 ParOldGen       total 175616K, used 58700K [0x00000000a0000000, 0x00000000aab80000, 0x00000000e0000000)
  object space 175616K, 33% used [0x00000000a0000000,0x00000000a3953388,0x00000000aab80000)
 Metaspace       used 102666K, capacity 107548K, committed 107724K, reserved 1142784K
  class space    used 13235K, capacity 14318K, committed 14336K, reserved 1048576K
}
Event: 3275.444 GC heap before
{Heap before GC invocations=32 (full 4):
 PSYoungGen      total 348160K, used 348128K [0x00000000e0000000, 0x00000000f6500000, 0x0000000100000000)
  eden space 330752K, 100% used [0x00000000e0000000,0x00000000f4300000,0x00000000f4300000)
  from space 17408K, 99% used [0x00000000f4300000,0x00000000f53f8010,0x00000000f5400000)
  to   space 15360K, 0% used [0x00000000f5600000,0x00000000f5600000,0x00000000f6500000)
 ParOldGen       total 175616K, used 58700K [0x00000000a0000000, 0x00000000aab80000, 0x00000000e0000000)
  object space 175616K, 33% used [0x00000000a0000000,0x00000000a3953388,0x00000000aab80000)
 Metaspace       used 118194K, capacity 123968K, committed 124236K, reserved 1157120K
  class space    used 15236K, capacity 16473K, committed 16512K, reserved 1048576K
Event: 3275.778 GC heap after
Heap after GC invocations=32 (full 4):
 PSYoungGen      total 346112K, used 15342K [0x00000000e0000000, 0x00000000f6500000, 0x0000000100000000)
  eden space 330752K, 0% used [0x00000000e0000000,0x00000000e0000000,0x00000000f4300000)
  from space 15360K, 99% used [0x00000000f5600000,0x00000000f64fb888,0x00000000f6500000)
  to   space 17408K, 0% used [0x00000000f4300000,0x00000000f4300000,0x00000000f5400000)
 ParOldGen       total 175616K, used 99161K [0x00000000a0000000, 0x00000000aab80000, 0x00000000e0000000)
  object space 175616K, 56% used [0x00000000a0000000,0x00000000a60d6548,0x00000000aab80000)
 Metaspace       used 118194K, capacity 123968K, committed 124236K, reserved 1157120K
  class space    used 15236K, capacity 16473K, committed 16512K, reserved 1048576K
}

Deoptimization events (10 events):
Event: 3253.651 Thread 0x000000001f2d0800 Uncommon trap: reason=class_check action=maybe_recompile pc=0x0000000007f44a10 method=com.sun.org.apache.xerces.internal.dom.NodeImpl.getUserData(Ljava/lang/String;)Ljava/lang/Object; @ 1
Event: 3259.217 Thread 0x000000001ef24000 Uncommon trap: reason=array_check action=maybe_recompile pc=0x0000000006f29510 method=java.util.TimSort.mergeLo(IIII)V @ 212
Event: 3259.218 Thread 0x000000001ef24000 Uncommon trap: reason=array_check action=maybe_recompile pc=0x0000000006f5d9bc method=java.util.TimSort.mergeHi(IIII)V @ 282
Event: 3259.218 Thread 0x000000001ef24000 Uncommon trap: reason=bimorphic action=maybe_recompile pc=0x00000000070389b0 method=java.util.Arrays.binarySearch0([Ljava/lang/Object;IILjava/lang/Object;Ljava/util/Comparator;)I @ 48
Event: 3259.218 Thread 0x000000001ef24000 Uncommon trap: reason=bimorphic action=maybe_recompile pc=0x00000000070389b0 method=java.util.Arrays.binarySearch0([Ljava/lang/Object;IILjava/lang/Object;Ljava/util/Comparator;)I @ 48
Event: 3259.218 Thread 0x000000001ef24000 Uncommon trap: reason=bimorphic action=maybe_recompile pc=0x00000000070389b0 method=java.util.Arrays.binarySearch0([Ljava/lang/Object;IILjava/lang/Object;Ljava/util/Comparator;)I @ 48
Event: 3259.218 Thread 0x000000001ef24000 Uncommon trap: reason=bimorphic action=maybe_recompile pc=0x00000000070389b0 method=java.util.Arrays.binarySearch0([Ljava/lang/Object;IILjava/lang/Object;Ljava/util/Comparator;)I @ 48
Event: 3260.382 Thread 0x000000001ecb5800 Uncommon trap: reason=unstable_if action=reinterpret pc=0x00000000055fc860 method=sun.java2d.pisces.Renderer$ScanlineIterator.next()I @ 185
Event: 3260.401 Thread 0x000000001ef30000 Uncommon trap: reason=unstable_if action=reinterpret pc=0x0000000005601b70 method=java.lang.StrictMath.floorOrCeil(DDDD)D @ 115
Event: 3260.402 Thread 0x000000001ef30000 Uncommon trap: reason=unstable_if action=reinterpret pc=0x0000000007f7801c method=sun.java2d.pisces.Renderer._endRendering(IIII)V @ 281

Classes redefined (0 events):
No events

Internal exceptions (10 events):
Event: 3252.997 Thread 0x000000001f2d0800 Exception <a 'java/lang/NoSuchMethodError': <clinit>> (0x00000000ef9cc360) thrown at [D:\src\AOSP-openjdk-cygwin\jdk8u\hotspot\src\share\vm\prims\jni.cpp, line 1613]
Event: 3252.997 Thread 0x000000001f2d0800 Exception <a 'java/lang/NoSuchMethodError': <clinit>> (0x00000000ef9d42a8) thrown at [D:\src\AOSP-openjdk-cygwin\jdk8u\hotspot\src\share\vm\prims\jni.cpp, line 1613]
Event: 3252.998 Thread 0x000000001f2d0800 Exception <a 'java/lang/NoSuchMethodError': <clinit>> (0x00000000ef9d73e8) thrown at [D:\src\AOSP-openjdk-cygwin\jdk8u\hotspot\src\share\vm\prims\jni.cpp, line 1613]
Event: 3252.999 Thread 0x000000001f2d0800 Exception <a 'java/lang/NoSuchMethodError': <clinit>> (0x00000000ef9eb698) thrown at [D:\src\AOSP-openjdk-cygwin\jdk8u\hotspot\src\share\vm\prims\jni.cpp, line 1613]
Event: 3253.001 Thread 0x000000001f2d0800 Exception <a 'java/lang/NoSuchMethodError': <clinit>> (0x00000000efa05420) thrown at [D:\src\AOSP-openjdk-cygwin\jdk8u\hotspot\src\share\vm\prims\jni.cpp, line 1613]
Event: 3253.003 Thread 0x000000001f2d0800 Exception <a 'java/lang/NoSuchMethodError': <clinit>> (0x00000000efa159b8) thrown at [D:\src\AOSP-openjdk-cygwin\jdk8u\hotspot\src\share\vm\prims\jni.cpp, line 1613]
Event: 3253.628 Thread 0x000000001f2d0800 Implicit null exception at 0x0000000007f232d7 to 0x0000000007f2341b
Event: 3258.312 Thread 0x000000001ef33000 Exception <a 'java/io/FileNotFoundException'> (0x00000000f2514aa8) thrown at [D:\src\AOSP-openjdk-cygwin\jdk8u\hotspot\src\share\vm\prims\jni.cpp, line 709]
Event: 3258.530 Thread 0x000000001ef24000 Exception <a 'java/lang/ClassNotFoundException': sun/dc/DuctusRenderingEngine> (0x00000000f10d0008) thrown at [D:\src\AOSP-openjdk-cygwin\jdk8u\hotspot\src\share\vm\classfile\systemDictionary.cpp, line 210]
Event: 3258.829 Thread 0x000000001ef24000 Exception <a 'java/io/FileNotFoundException'> (0x00000000f10e4718) thrown at [D:\src\AOSP-openjdk-cygwin\jdk8u\hotspot\src\share\vm\prims\jni.cpp, line 709]

Events (10 events):
Event: 3275.920 Thread 0x000000001ecc0000 Thread added: 0x000000001ecc0000
Event: 3275.920 Thread 0x000000001ecc0800 Thread added: 0x000000001ecc0800
Event: 3275.977 Executing VM operation: RevokeBias
Event: 3275.977 Executing VM operation: RevokeBias done
Event: 3275.977 Thread 0x000000001ecba800 Thread exited: 0x000000001ecba800
Event: 3275.977 Executing VM operation: RevokeBias
Event: 3275.978 Executing VM operation: RevokeBias done
Event: 3275.978 Executing VM operation: RevokeBias
Event: 3275.978 Executing VM operation: RevokeBias done
Event: 3275.978 Thread 0x000000001ecbf000 Thread exited: 0x000000001ecbf000


Dynamic libraries:
0x00007ff604d60000 - 0x00007ff604d91000 	C:\Program Files\Android\Android Studio\jre\bin\java.exe
0x00007ffe11ac0000 - 0x00007ffe11ca0000 	C:\WINDOWS\SYSTEM32\ntdll.dll
0x00007ffe10000000 - 0x00007ffe100ae000 	C:\WINDOWS\System32\KERNEL32.DLL
0x00007ffe0e7d0000 - 0x00007ffe0ea36000 	C:\WINDOWS\System32\KERNELBASE.dll
0x00007ffe0ef90000 - 0x00007ffe0f031000 	C:\WINDOWS\System32\ADVAPI32.dll
0x00007ffe0f730000 - 0x00007ffe0f7cd000 	C:\WINDOWS\System32\msvcrt.dll
0x00007ffe0ffa0000 - 0x00007ffe0fffb000 	C:\WINDOWS\System32\sechost.dll
0x00007ffe0fb60000 - 0x00007ffe0fc7f000 	C:\WINDOWS\System32\RPCRT4.dll
0x00007ffe10210000 - 0x00007ffe1039f000 	C:\WINDOWS\System32\USER32.dll
0x00007ffe0e7b0000 - 0x00007ffe0e7d0000 	C:\WINDOWS\System32\win32u.dll
0x00007ffe0f590000 - 0x00007ffe0f5b8000 	C:\WINDOWS\System32\GDI32.dll
0x00007ffe0eac0000 - 0x00007ffe0ec53000 	C:\WINDOWS\System32\gdi32full.dll
0x00007ffe0dec0000 - 0x00007ffe0df5b000 	C:\WINDOWS\System32\msvcp_win.dll
0x00007ffe0ec60000 - 0x00007ffe0ed56000 	C:\WINDOWS\System32\ucrtbase.dll
0x00007ffdfe7f0000 - 0x00007ffdfea59000 	C:\WINDOWS\WinSxS\amd64_microsoft.windows.common-controls_6595b64144ccf1df_6.0.16299.309_none_15cfd4c4935e6b11\COMCTL32.dll
0x00007ffe0fc90000 - 0x00007ffe0ff98000 	C:\WINDOWS\System32\combase.dll
0x00007ffe0ea40000 - 0x00007ffe0eab2000 	C:\WINDOWS\System32\bcryptPrimitives.dll
0x00007ffe0f550000 - 0x00007ffe0f57d000 	C:\WINDOWS\System32\IMM32.DLL
0x0000000061fb0000 - 0x0000000062082000 	C:\Program Files\Android\Android Studio\jre\jre\bin\msvcr100.dll
0x0000000062880000 - 0x00000000630bf000 	C:\Program Files\Android\Android Studio\jre\jre\bin\server\jvm.dll
0x00007ffe100b0000 - 0x00007ffe100b8000 	C:\WINDOWS\System32\PSAPI.DLL
0x00007ffe0ab50000 - 0x00007ffe0ab73000 	C:\WINDOWS\SYSTEM32\WINMM.dll
0x00007ffdfeec0000 - 0x00007ffdfeec9000 	C:\WINDOWS\SYSTEM32\WSOCK32.dll
0x00007ffe10440000 - 0x00007ffe104ac000 	C:\WINDOWS\System32\WS2_32.dll
0x00007ffe0aaf0000 - 0x00007ffe0ab1a000 	C:\WINDOWS\SYSTEM32\WINMMBASE.dll
0x00007ffe0df60000 - 0x00007ffe0dfaa000 	C:\WINDOWS\System32\cfgmgr32.dll
0x00007ffdfe300000 - 0x00007ffdfe30a000 	C:\WINDOWS\SYSTEM32\VERSION.dll
0x00007ffe0a650000 - 0x00007ffe0a65f000 	C:\Program Files\Android\Android Studio\jre\jre\bin\verify.dll
0x00007ffe02070000 - 0x00007ffe02099000 	C:\Program Files\Android\Android Studio\jre\jre\bin\java.dll
0x00007ffe02050000 - 0x00007ffe02066000 	C:\Program Files\Android\Android Studio\jre\jre\bin\zip.dll
0x00007ffe10650000 - 0x00007ffe11a86000 	C:\WINDOWS\System32\SHELL32.dll
0x00007ffe0fab0000 - 0x00007ffe0fb56000 	C:\WINDOWS\System32\shcore.dll
0x00007ffe0e060000 - 0x00007ffe0e7a7000 	C:\WINDOWS\System32\windows.storage.dll
0x00007ffe0f040000 - 0x00007ffe0f091000 	C:\WINDOWS\System32\shlwapi.dll
0x00007ffe0de50000 - 0x00007ffe0de61000 	C:\WINDOWS\System32\kernel.appcore.dll
0x00007ffe0de70000 - 0x00007ffe0debc000 	C:\WINDOWS\System32\powrprof.dll
0x00007ffe0de10000 - 0x00007ffe0de2b000 	C:\WINDOWS\System32\profapi.dll
0x00007ffe01f50000 - 0x00007ffe01f6a000 	C:\Program Files\Android\Android Studio\jre\jre\bin\net.dll
0x00007ffe0d6a0000 - 0x00007ffe0d706000 	C:\WINDOWS\system32\mswsock.dll
0x00007ffe01100000 - 0x00007ffe01111000 	C:\Program Files\Android\Android Studio\jre\jre\bin\nio.dll
0x00007ffdffbf0000 - 0x00007ffdffc0e000 	C:\Users\Usuario\.gradle\native\25\windows-amd64\native-platform.dll
0x00007ffe0a000000 - 0x00007ffe0a00d000 	C:\Program Files\Android\Android Studio\jre\jre\bin\management.dll
0x00007ffe0d860000 - 0x00007ffe0d877000 	C:\WINDOWS\SYSTEM32\CRYPTSP.dll
0x00007ffe0d2a0000 - 0x00007ffe0d2d3000 	C:\WINDOWS\system32\rsaenh.dll
0x00007ffe0d970000 - 0x00007ffe0d995000 	C:\WINDOWS\SYSTEM32\bcrypt.dll
0x00007ffe0dd10000 - 0x00007ffe0dd39000 	C:\WINDOWS\SYSTEM32\USERENV.dll
0x00007ffe0d880000 - 0x00007ffe0d88b000 	C:\WINDOWS\SYSTEM32\CRYPTBASE.dll
0x00007ffe0d430000 - 0x00007ffe0d469000 	C:\WINDOWS\SYSTEM32\IPHLPAPI.DLL
0x00007ffe0fc80000 - 0x00007ffe0fc88000 	C:\WINDOWS\System32\NSI.dll
0x00007ffe057f0000 - 0x00007ffe05806000 	C:\WINDOWS\SYSTEM32\dhcpcsvc6.DLL
0x00007ffe05740000 - 0x00007ffe0575a000 	C:\WINDOWS\SYSTEM32\dhcpcsvc.DLL
0x00007ffe02a40000 - 0x00007ffe02a64000 	C:\Program Files\Android\Android Studio\jre\jre\bin\sunec.dll
0x00007ffe0d470000 - 0x00007ffe0d526000 	C:\WINDOWS\SYSTEM32\DNSAPI.dll
0x00007ffe03300000 - 0x00007ffe0330a000 	C:\Windows\System32\rasadhlp.dll
0x00007ffe05440000 - 0x00007ffe054b0000 	C:\WINDOWS\System32\fwpuclnt.dll
0x00007ffe09b70000 - 0x00007ffe09b7b000 	C:\Program Files\Android\Android Studio\jre\jre\bin\sunmscapi.dll
0x00007ffe0edc0000 - 0x00007ffe0ef8e000 	C:\WINDOWS\System32\CRYPT32.dll
0x00007ffe0de30000 - 0x00007ffe0de42000 	C:\WINDOWS\System32\MSASN1.dll
0x00007ffde0be0000 - 0x00007ffde0d76000 	C:\Program Files\Android\Android Studio\jre\jre\bin\awt.dll
0x00007ffe0f9e0000 - 0x00007ffe0faa5000 	C:\WINDOWS\System32\OLEAUT32.dll
0x00007ffe0b6d0000 - 0x00007ffe0bc88000 	C:\WINDOWS\SYSTEM32\d2d1.dll
0x00007ffe0c2a0000 - 0x00007ffe0c328000 	C:\WINDOWS\SYSTEM32\apphelp.dll
0x00007ffe0c690000 - 0x00007ffe0c6ba000 	C:\WINDOWS\system32\DWMAPI.DLL
0x00007ffe0c380000 - 0x00007ffe0c415000 	C:\WINDOWS\system32\uxtheme.dll

VM Arguments:
jvm_args: -Xmx1536m -Dfile.encoding=windows-1252 -Duser.country=BR -Duser.language=pt -Duser.variant 
java_command: org.gradle.launcher.daemon.bootstrap.GradleDaemon 4.4
java_class_path (initial): C:\Users\Usuario\.gradle\wrapper\dists\gradle-4.4-all\9br9xq1tocpiv8o6njlyu5op1\gradle-4.4\lib\gradle-launcher-4.4.jar
Launcher Type: SUN_STANDARD

Environment Variables:
PATH=C:\ProgramData\Oracle\Java\javapath;C:\Program Files (x86)\Common Files\Intel\Shared Libraries\redist\intel64\compiler;C:\WINDOWS\system32;C:\WINDOWS;C:\WINDOWS\System32\Wbem;C:\WINDOWS\System32\WindowsPowerShell\v1.0\;C:\Program Files (x86)\Skype\Phone\;C:\Program Files\Microsoft SQL Server\130\Tools\Binn\;C:\Program Files\dotnet\;C:\Program Files\Common Files\Autodesk Shared\;C:\Program Files (x86)\Autodesk\Backburner\;C:\xampp\php;C:\ProgramData\ComposerSetup\bin;C:\Program Files\nodejs\;C:\Program Files\Git\cmd;C:\Program Files (x86)\GtkSharp\2.12\bin;C:\Users\Usuario\AppData\Local\Microsoft\WindowsApps;C:\Program Files (x86)\Microsoft VS Code\bin;C:\Users\Usuario\AppData\Roaming\Composer\vendor\bin;C:\android-sdk-windows\tools;c:\android-sdk-windows\platform-tools;C:\Users\Usuario\AppData\Roaming\npm;C:\Program Files (x86)\FreeArc\bin
USERNAME=Usuario
OS=Windows_NT
PROCESSOR_IDENTIFIER=Intel64 Family 6 Model 61 Stepping 4, GenuineIntel



---------------  S Y S T E M  ---------------

OS: Windows 10.0 , 64 bit Build 16299 (10.0.16299.15)

CPU:total 4 (initial active 4) (2 cores per cpu, 2 threads per core) family 6 model 61 stepping 4, cmov, cx8, fxsr, mmx, sse, sse2, sse3, ssse3, sse4.1, sse4.2, popcnt, avx, avx2, aes, clmul, erms, 3dnowpref, lzcnt, ht, tsc, tscinvbit, bmi1, bmi2, adx

Memory: 4k page, physical 8306096k(288000k free), swap 14597552k(1464k free)

vm_info: OpenJDK 64-Bit Server VM (25.152-b02) for windows-amd64 JRE (1.8.0_152-release-1024-b02), built by "builder" with MS VC++ 10.0 (VS2010)

time: Wed Apr 11 19:48:33 2018
elapsed time: 3276 seconds (0d 0h 54m 36s)

