JvmtiExport can_access_local_variables 0
JvmtiExport can_hotswap_or_post_breakpoint 0
JvmtiExport can_post_on_exceptions 0
# 539 ciObject found
ciMethod java/lang/Object <init> ()V 4097 1 132336 0 0
ciMethod java/lang/Object hashCode ()I 2049 1 256 0 -1
ciMethod java/lang/Object equals (Ljava/lang/Object;)Z 2345 1 2481 0 -1
ciMethod java/lang/Object clone ()Ljava/lang/Object; 2049 1 256 0 -1
ciMethod java/lang/String <init> ([CII)V 2049 1 5480 0 704
ciMethod java/lang/String <init> ([BIILjava/lang/String;)V 2049 1 939 0 -1
ciMethod java/lang/String <init> ([CZ)V 2081 1 10420 0 64
ciMethod java/lang/String length ()I 3121 1 79470 0 0
ciMethod java/lang/String charAt (I)C 4097 1 658683 0 -1
ciMethod java/lang/String codePointAt (I)I 881 1 3338 0 -1
ciMethod java/lang/String getChars ([CI)V 2129 1 5424 0 0
ciMethod java/lang/String equals (Ljava/lang/Object;)Z 2241 12761 2405 0 -1
ciMethod java/lang/String equalsIgnoreCase (Ljava/lang/String;)Z 3073 1 5596 0 1472
ciMethod java/lang/String regionMatches (ZILjava/lang/String;II)Z 2025 625 3573 0 0
ciMethod java/lang/String startsWith (Ljava/lang/String;)Z 2105 1 11376 0 -1
ciMethod java/lang/String hashCode ()I 2705 32769 1030 0 288
ciMethod java/lang/String indexOf (I)I 2065 1 111678 0 -1
ciMethod java/lang/String indexOf (II)I 937 34457 824 0 -1
ciMethod java/lang/String indexOfSupplementary (II)I 0 0 1 0 -1
ciMethod java/lang/String lastIndexOf (I)I 2057 1 12864 0 0
ciMethod java/lang/String lastIndexOf (II)I 905 49305 824 0 288
ciMethod java/lang/String lastIndexOfSupplementary (II)I 0 0 1 0 -1
ciMethod java/lang/String substring (II)Ljava/lang/String; 2529 1 6508 0 1024
ciMethod java/lang/String concat (Ljava/lang/String;)Ljava/lang/String; 2121 1 5424 0 896
ciMethod java/lang/String replace (CC)Ljava/lang/String; 1001 49473 1072 0 1120
ciMethod java/lang/String toUpperCase (Ljava/util/Locale;)Ljava/lang/String; 537 13865 849 0 2336
ciMethod java/lang/ClassLoader preDefineClass (Ljava/lang/String;Ljava/security/ProtectionDomain;)Ljava/security/ProtectionDomain; 3201 1 1891 0 -1
ciMethod java/lang/ClassLoader defineClassSourceLocation (Ljava/security/ProtectionDomain;)Ljava/lang/String; 3201 1 1890 0 -1
ciMethod java/lang/ClassLoader postDefineClass (Ljava/lang/Class;Ljava/security/ProtectionDomain;)V 3201 1 1891 0 -1
ciMethod java/lang/ClassLoader defineClass (Ljava/lang/String;[BIILjava/security/ProtectionDomain;)Ljava/lang/Class; 2161 1 1822 0 -1
ciMethod java/lang/ClassLoader defineClass1 (Ljava/lang/String;[BIILjava/security/ProtectionDomain;Ljava/lang/String;)Ljava/lang/Class; 4105 1 513 0 -1
ciMethod java/lang/ClassLoader checkName (Ljava/lang/String;)Z 2113 1 5403 0 -1
ciMethod java/lang/ClassLoader checkCerts (Ljava/lang/String;Ljava/security/CodeSource;)V 4097 1 1891 0 -1
ciMethod java/lang/ClassLoader definePackage (Ljava/lang/String;Ljava/lang/String;Ljava/lang/String;Ljava/lang/String;Ljava/lang/String;Ljava/lang/String;Ljava/lang/String;Ljava/net/URL;)Ljava/lang/Package; 953 1 321 0 0
ciMethod java/lang/ClassLoader getPackage (Ljava/lang/String;)Ljava/lang/Package; 2089 1 3558 0 0
ciMethod java/lang/System nanoTime ()J 3073 1 384 0 -1
ciMethod java/lang/System arraycopy (Ljava/lang/Object;ILjava/lang/Object;II)V 4097 1 512 0 -1
ciMethod java/lang/Throwable addSuppressed (Ljava/lang/Throwable;)V 0 0 1 0 0
ciMethod java/security/ProtectionDomain <init> (Ljava/security/CodeSource;Ljava/security/PermissionCollection;Ljava/lang/ClassLoader;[Ljava/security/Principal;)V 225 1 109 0 -1
ciMethod java/security/ProtectionDomain getCodeSource ()Ljava/security/CodeSource; 1033 1 129 0 -1
ciMethod java/security/SecureClassLoader defineClass (Ljava/lang/String;[BIILjava/security/CodeSource;)Ljava/lang/Class; 2161 1 1777 0 0
ciMethod java/security/SecureClassLoader defineClass (Ljava/lang/String;Ljava/nio/ByteBuffer;Ljava/security/CodeSource;)Ljava/lang/Class; 0 0 1 0 -1
ciMethod java/security/SecureClassLoader getPermissions (Ljava/security/CodeSource;)Ljava/security/PermissionCollection; 545 1 61 0 -1
ciMethod java/security/SecureClassLoader getProtectionDomain (Ljava/security/CodeSource;)Ljava/security/ProtectionDomain; 2161 1 1822 0 -1
ciMethod java/lang/NoClassDefFoundError <init> (Ljava/lang/String;)V 9 1 1 0 -1
ciMethod java/lang/ref/Reference get ()Ljava/lang/Object; 1081 1 135 0 -1
ciMethod java/lang/ref/Reference <init> (Ljava/lang/Object;)V 2065 1 2817 0 0
ciMethod java/lang/ref/Reference <init> (Ljava/lang/Object;Ljava/lang/ref/ReferenceQueue;)V 2065 1 11072 0 0
ciMethod java/lang/ref/SoftReference <init> (Ljava/lang/Object;)V 1697 1 1216 0 0
ciMethod java/lang/ref/SoftReference get ()Ljava/lang/Object; 2049 1 4419 0 0
ciMethod java/lang/Thread currentThread ()Ljava/lang/Thread; 2049 1 256 0 -1
ciMethod java/lang/Thread interrupt ()V 0 0 1 0 -1
ciMethod java/lang/Thread interrupted ()Z 3105 1 1839 0 -1
ciMethod java/util/Map get (Ljava/lang/Object;)Ljava/lang/Object; 0 0 1 0 -1
ciMethod java/util/Map put (Ljava/lang/Object;Ljava/lang/Object;)Ljava/lang/Object; 0 0 1 0 -1
ciMethod java/util/Hashtable <init> (IF)V 2049 1 536 0 0
ciMethod java/util/Hashtable <init> (I)V 1105 1 132 0 0
ciMethod java/util/Hashtable <init> ()V 2049 1 404 0 0
ciMethod java/util/Dictionary <init> ()V 2049 1 536 0 0
ciMethod java/lang/StringBuilder <init> ()V 945 1 7883 0 -1
ciMethod java/lang/StringBuilder append (Ljava/lang/Object;)Ljava/lang/StringBuilder; 737 1 400 0 -1
ciMethod java/lang/StringBuilder append (Ljava/lang/String;)Ljava/lang/StringBuilder; 2065 1 12063 0 -1
ciMethod java/lang/StringBuilder append (I)Ljava/lang/StringBuilder; 1 1 365 0 -1
ciMethod java/lang/StringBuilder append (F)Ljava/lang/StringBuilder; 0 0 1 0 -1
ciMethod java/lang/StringBuilder toString ()Ljava/lang/String; 1025 1 8037 0 -1
ciMethod java/io/ByteArrayInputStream <init> ([B)V 161 1 133 0 0
ciMethod java/io/InputStream <init> ()V 2049 1 4987 0 0
ciMethod java/io/InputStream read ([BII)I 9 1545 1 0 -1
ciMethod java/io/InputStream close ()V 0 0 1 0 -1
ciMethod java/net/URLClassLoader getAndVerifyPackage (Ljava/lang/String;Ljava/util/jar/Manifest;Ljava/net/URL;)Ljava/lang/Package; 3089 1 1787 0 0
ciMethod java/net/URLClassLoader definePackageInternal (Ljava/lang/String;Ljava/util/jar/Manifest;Ljava/net/URL;)V 2153 1 1777 0 0
ciMethod java/net/URLClassLoader defineClass (Ljava/lang/String;Lsun/misc/Resource;)Ljava/lang/Class; 1129 1 1777 0 0
ciMethod java/net/URLClassLoader definePackage (Ljava/lang/String;Ljava/util/jar/Manifest;Ljava/net/URL;)Ljava/lang/Package; 953 1 321 0 0
ciMethod java/net/URLClassLoader isSealed (Ljava/lang/String;Ljava/util/jar/Manifest;)Z 2049 1 1466 0 0
ciMethod java/net/URLClassLoader access$000 (Ljava/net/URLClassLoader;)Lsun/misc/URLClassPath; 1097 1 137 0 0
ciMethod java/net/URLClassLoader access$100 (Ljava/net/URLClassLoader;Ljava/lang/String;Lsun/misc/Resource;)Ljava/lang/Class; 1129 1 1773 0 0
ciMethod java/net/URL getRef ()Ljava/lang/String; 1217 1 152 0 -1
ciMethod java/net/URL equals (Ljava/lang/Object;)Z 2057 1 1831 0 -1
ciMethod java/util/jar/Manifest <init> (Ljava/io/InputStream;)V 161 1 130 0 0
ciMethod java/util/jar/Manifest getMainAttributes ()Ljava/util/jar/Attributes; 1025 1 128 0 0
ciMethod java/util/jar/Manifest getEntries ()Ljava/util/Map; 1025 1 128 0 0
ciMethod java/util/jar/Manifest getAttributes (Ljava/lang/String;)Ljava/util/jar/Attributes; 2993 1 1893 0 0
ciMethod java/util/jar/Manifest read (Ljava/io/InputStream;)V 161 1 131 0 -1
ciMethod java/util/jar/Manifest parseName ([BI)Ljava/lang/String; 393 1 49 0 -1
ciMethod java/security/CodeSource <init> (Ljava/net/URL;[Ljava/security/CodeSigner;)V 2153 1 1777 0 0
ciMethod java/lang/Character charCount (I)I 1153 1 5716 0 -1
ciMethod java/lang/Character toChars (I[CI)I 0 0 1 0 -1
ciMethod java/lang/Character toChars (I)[C 0 0 1 0 -1
ciMethod java/lang/Character toLowerCase (C)C 2057 1 12238 0 0
ciMethod java/lang/Character toLowerCase (I)I 4097 1 214843 0 160
ciMethod java/lang/Character toUpperCase (C)C 2049 1 10511 0 192
ciMethod java/lang/Character toUpperCase (I)I 2049 1 10513 0 0
ciMethod java/lang/Character toUpperCaseEx (I)I 2073 1 27432 0 -1
ciMethod java/lang/Character toUpperCaseCharArray (I)[C 0 0 1 0 -1
ciMethod java/lang/Float isNaN (F)Z 2049 1 2141 0 0
ciMethod java/lang/Float floatToRawIntBits (F)I 9 1 1 0 -1
ciMethod java/lang/NullPointerException <init> (Ljava/lang/String;)V 0 0 1 0 -1
ciMethod java/util/Comparator compare (Ljava/lang/Object;Ljava/lang/Object;)I 0 0 1 0 -1
ciMethod java/security/AccessController doPrivileged (Ljava/security/PrivilegedAction;)Ljava/lang/Object; 2049 1 256 0 -1
ciMethod java/util/List add (Ljava/lang/Object;)Z 0 0 1 0 -1
ciMethod java/util/AbstractList <init> ()V 2049 1 2894 0 0
ciMethod java/util/AbstractCollection <init> ()V 425 1 5559 0 0
ciMethod java/util/Stack pop ()Ljava/lang/Object; 129 1 239 0 -1
ciMethod java/util/Stack empty ()Z 345 1 487 0 -1
ciMethod java/util/ArrayList <init> (I)V 2057 1 556 0 -1
ciMethod java/util/ArrayList <init> ()V 1417 1 1239 0 0
ciMethod java/util/ArrayList size ()I 1025 1 128 0 -1
ciMethod java/util/ArrayList get (I)Ljava/lang/Object; 2009 1 5908 0 -1
ciMethod java/util/ArrayList add (Ljava/lang/Object;)Z 465 1 5179 0 -1
ciMethod java/util/AbstractMap <init> ()V 521 1 3107 0 0
ciMethod java/util/HashMap hash (Ljava/lang/Object;)I 2049 1 19565 0 160
ciMethod java/util/HashMap tableSizeFor (I)I 3185 1 1146 0 -1
ciMethod java/util/HashMap <init> (IF)V 1961 1 1141 0 0
ciMethod java/util/HashMap <init> (I)V 521 1 388 0 0
ciMethod java/util/HashMap <init> ()V 201 1 1352 0 0
ciMethod java/util/HashMap get (Ljava/lang/Object;)Ljava/lang/Object; 2049 1 10506 0 576
ciMethod java/util/HashMap getNode (ILjava/lang/Object;)Ljava/util/HashMap$Node; 2049 1 10531 0 544
ciMethod java/util/HashMap containsKey (Ljava/lang/Object;)Z 121 1 1465 0 -1
ciMethod java/util/HashMap put (Ljava/lang/Object;Ljava/lang/Object;)Ljava/lang/Object; 1281 1 6990 0 1248
ciMethod java/util/HashMap putVal (ILjava/lang/Object;Ljava/lang/Object;ZZ)Ljava/lang/Object; 1305 17 5906 0 -1
ciMethod sun/misc/VM allowArraySyntax ()Z 2113 1 5403 0 -1
ciMethod java/lang/Math max (II)I 601 1 40805 0 -1
ciMethod java/lang/Math min (II)I 2993 1 41451 0 -1
ciMethod java/lang/Math min (FF)F 2049 1 565 0 0
ciMethod java/io/OutputStream <init> ()V 2049 1 380 0 0
ciMethod java/util/Arrays copyOf ([BI)[B 2057 1 10043 0 -1
ciMethod java/util/Arrays copyOf ([CI)[C 913 1 14726 0 0
ciMethod java/util/Arrays copyOfRange ([CII)[C 2161 1 5399 0 512
ciMethodData java/lang/Object <init> ()V 2 132338 orig 264 56 173 226 98 0 0 0 0 128 4 134 23 0 0 0 0 32 1 0 0 0 0 0 0 0 0 0 0 0 0 0 0 0 0 0 0 0 0 0 0 0 0 0 0 0 0 0 0 0 0 0 0 0 0 0 0 0 0 0 0 0 0 0 0 0 0 0 0 0 0 0 0 0 0 0 0 0 0 0 0 77 68 79 32 101 120 116 114 97 32 100 97 116 97 32 108 111 99 107 0 0 0 0 0 0 0 0 0 0 0 0 0 0 0 0 0 0 0 0 0 0 0 0 0 0 0 0 0 0 0 0 0 0 0 0 0 0 0 0 0 0 0 0 0 0 0 0 0 0 0 0 0 0 0 0 0 0 0 0 0 0 0 0 0 0 0 0 0 0 0 0 0 0 0 0 0 0 0 0 0 0 0 0 0 1 0 0 0 0 0 0 0 1 0 0 0 0 0 0 0 1 0 0 0 0 0 0 0 0 0 0 0 0 0 0 0 0 2 0 0 145 23 16 0 1 0 0 0 0 0 0 0 0 0 0 0 2 0 0 0 0 0 3 0 1 0 0 0 0 0 0 0 255 255 255 255 0 0 0 0 0 0 0 0 data 0 oops 0
ciMethod java/lang/IllegalArgumentException <init> (Ljava/lang/String;)V 0 0 3 0 -1
ciMethod java/lang/IllegalArgumentException <init> (Ljava/lang/String;Ljava/lang/Throwable;)V 0 0 1 0 -1
ciMethod sun/security/util/Debug println (Ljava/lang/String;)V 0 0 1 0 -1
ciMethod sun/misc/MetaIndex mayContain (Ljava/lang/String;)Z 1673 2585 3209 0 -1
ciMethodData java/lang/String charAt (I)C 2 659635 orig 264 56 173 226 98 0 0 0 0 176 61 134 23 0 0 0 0 120 1 0 0 32 0 0 0 0 0 0 0 0 0 0 0 0 0 0 0 0 0 0 0 0 0 0 0 0 0 0 0 0 0 0 0 0 0 0 0 0 0 0 0 0 0 0 0 0 0 0 0 0 0 0 0 0 0 0 0 0 0 0 0 77 68 79 32 101 120 116 114 97 32 100 97 116 97 32 108 111 99 107 0 0 0 0 0 0 0 0 0 0 0 0 0 0 0 0 0 0 0 0 0 0 0 0 0 0 0 0 0 0 0 0 0 0 0 0 0 0 0 0 0 0 0 0 0 0 0 0 0 0 0 0 0 0 0 0 0 0 0 0 0 0 0 0 0 0 0 0 0 0 0 0 0 0 0 0 0 0 0 0 0 0 0 0 0 0 0 0 0 0 0 0 0 0 0 0 0 0 0 0 0 0 0 0 0 0 0 0 0 0 0 0 0 0 0 0 0 0 2 0 0 153 117 80 0 1 0 0 0 0 0 0 0 0 0 0 0 2 0 0 0 0 0 8 0 2 0 0 0 80 0 0 0 255 255 255 255 7 0 1 0 0 0 0 0 data 10 0x10007 0x0 0x40 0xa0eb3 0xa0007 0xa0eb3 0x30 0x0 0x120002 0x0 oops 0
ciMethod java/util/Locale getLanguage ()Ljava/lang/String; 473 1 2199 0 -1
ciMethod java/lang/CharacterData toLowerCase (I)I 0 0 1 0 -1
ciMethod java/lang/CharacterData toUpperCase (I)I 0 0 1 0 -1
ciMethod java/lang/CharacterData of (I)Ljava/lang/CharacterData; 4097 1 6166 0 96
ciMethod java/lang/CharacterDataLatin1 getProperties (I)I 4097 1 29846 0 -1
ciMethod java/lang/CharacterDataLatin1 toLowerCase (I)I 4097 1 9016 0 160
ciMethod java/lang/CharacterDataLatin1 toUpperCase (I)I 3137 1 5583 0 160
ciMethod java/util/HashMap$TreeNode getTreeNode (ILjava/lang/Object;)Ljava/util/HashMap$TreeNode; 0 0 1 0 -1
ciMethodData java/lang/Character toLowerCase (I)I 2 214843 orig 264 56 173 226 98 0 0 0 0 160 178 143 23 0 0 0 0 136 1 0 0 0 0 0 0 0 0 0 0 0 0 0 0 0 0 0 0 0 0 0 0 0 0 0 0 0 0 0 0 0 0 0 0 0 0 0 0 0 0 0 0 0 0 0 0 0 0 0 0 0 0 0 0 0 0 0 0 0 0 0 0 77 68 79 32 101 120 116 114 97 32 100 97 116 97 32 108 111 99 107 0 0 0 0 0 0 0 0 0 0 0 0 0 0 0 0 0 0 0 0 0 0 0 0 0 0 0 0 0 0 0 0 0 0 0 0 0 0 0 0 0 0 0 0 0 0 0 0 0 0 0 0 0 0 0 0 0 0 0 0 0 0 0 0 0 0 0 0 0 0 0 0 0 0 0 0 0 0 0 0 0 0 0 0 0 0 0 0 0 0 0 0 0 0 0 0 0 0 0 0 0 0 0 0 0 0 0 0 0 0 0 0 0 0 0 0 0 0 2 0 0 217 41 26 0 1 0 0 0 0 0 0 0 0 0 0 0 2 0 0 0 0 0 3 0 2 0 0 0 64 0 0 0 255 255 255 255 2 0 1 0 0 0 0 0 data 8 0x10002 0x3453b 0x50005 0x0 0x19de0e60 0x3453b 0x0 0x0 oops 1